# JRE version: OpenJDK Runtime Environment Temurin-21.0.8+9 (21.0.8+9) (build 21.0.8+9-LTS)
# Java VM: OpenJDK 64-Bit Server VM Temurin-21.0.8+9 (21.0.8+9-LTS, mixed mode, sharing, tiered, compressed oops, compressed class ptrs, parallel gc, windows-amd64)
GC Precious Log:
 CardTable entry size: 512
 CPUs: 12 total, 12 available
 Memory: 7561M
 Large Page Support: Disabled
 NUMA Support: Disabled
 Compressed Oops: Enabled (32-bit)
 Alignments: Space 512K, Generation 512K, Heap 2M
 Heap Min Capacity: 100M
 Heap Initial Capacity: 100M
 Heap Max Capacity: 2G
 Pre-touch: Disabled
 Parallel Workers: 10
Heap:
 PSYoungGen      total 10240K, used 7978K [0x00000000d5580000, 0x00000000d6100000, 0x0000000100000000)
  eden space 8704K, 80% used [0x00000000d5580000,0x00000000d5c50520,0x00000000d5e00000)
  from space 1536K, 65% used [0x00000000d5f80000,0x00000000d607a400,0x00000000d6100000)
  to   space 1536K, 0% used [0x00000000d5e00000,0x00000000d5e00000,0x00000000d5f80000)
 ParOldGen       total 333312K, used 331744K [0x0000000080000000, 0x0000000094580000, 0x00000000d5580000)
  object space 333312K, 99% used [0x0000000080000000,0x00000000943f8070,0x0000000094580000)
 Metaspace       used 87279K, committed 88896K, reserved 1179648K
  class space    used 8732K, committed 9472K, reserved 1048576K
GC Heap History (20 events):
Event: 32169.658 GC heap before
{Heap before GC invocations=1792 (full 5):
 PSYoungGen      total 9728K, used 9577K [0x00000000d5580000, 0x00000000d6080000, 0x0000000100000000)
  eden space 8704K, 100% used [0x00000000d5580000,0x00000000d5e00000,0x00000000d5e00000)
  from space 1024K, 85% used [0x00000000d5f80000,0x00000000d605a400,0x00000000d6080000)
  to   space 1024K, 0% used [0x00000000d5e00000,0x00000000d5e00000,0x00000000d5f00000)
 ParOldGen       total 333312K, used 327571K [0x0000000080000000, 0x0000000094580000, 0x00000000d5580000)
  object space 333312K, 98% used [0x0000000080000000,0x0000000093fe4f90,0x0000000094580000)
 Metaspace       used 87220K, committed 88896K, reserved 1179648K
  class space    used 8726K, committed 9472K, reserved 1048576K
}
Event: 32169.663 GC heap after
{Heap after GC invocations=1792 (full 5):
 PSYoungGen      total 9728K, used 192K [0x00000000d5580000, 0x00000000d6000000, 0x0000000100000000)
  eden space 8704K, 0% used [0x00000000d5580000,0x00000000d5580000,0x00000000d5e00000)
  from space 1024K, 18% used [0x00000000d5e00000,0x00000000d5e30000,0x00000000d5f00000)
  to   space 512K, 0% used [0x00000000d5f80000,0x00000000d5f80000,0x00000000d6000000)
 ParOldGen       total 333312K, used 328139K [0x0000000080000000, 0x0000000094580000, 0x00000000d5580000)
  object space 333312K, 98% used [0x0000000080000000,0x0000000094072f90,0x0000000094580000)
 Metaspace       used 87220K, committed 88896K, reserved 1179648K
  class space    used 8726K, committed 9472K, reserved 1048576K
}
Event: 32171.044 GC heap before
{Heap before GC invocations=1793 (full 5):
 PSYoungGen      total 9728K, used 8896K [0x00000000d5580000, 0x00000000d6000000, 0x0000000100000000)
  eden space 8704K, 100% used [0x00000000d5580000,0x00000000d5e00000,0x00000000d5e00000)
  from space 1024K, 18% used [0x00000000d5e00000,0x00000000d5e30000,0x00000000d5f00000)
  to   space 512K, 0% used [0x00000000d5f80000,0x00000000d5f80000,0x00000000d6000000)
 ParOldGen       total 333312K, used 328139K [0x0000000080000000, 0x0000000094580000, 0x00000000d5580000)
  object space 333312K, 98% used [0x0000000080000000,0x0000000094072f90,0x0000000094580000)
 Metaspace       used 87222K, committed 88896K, reserved 1179648K
  class space    used 8726K, committed 9472K, reserved 1048576K
}
Event: 32171.046 GC heap after
{Heap after GC invocations=1793 (full 5):
 PSYoungGen      total 9216K, used 489K [0x00000000d5580000, 0x00000000d6000000, 0x0000000100000000)
  eden space 8704K, 0% used [0x00000000d5580000,0x00000000d5580000,0x00000000d5e00000)
  from space 512K, 95% used [0x00000000d5f80000,0x00000000d5ffa400,0x00000000d6000000)
  to   space 1024K, 0% used [0x00000000d5e00000,0x00000000d5e00000,0x00000000d5f00000)
 ParOldGen       total 333312K, used 328355K [0x0000000080000000, 0x0000000094580000, 0x00000000d5580000)
  object space 333312K, 98% used [0x0000000080000000,0x00000000940a8fb0,0x0000000094580000)
 Metaspace       used 87222K, committed 88896K, reserved 1179648K
  class space    used 8726K, committed 9472K, reserved 1048576K
}
Event: 32176.058 GC heap before
{Heap before GC invocations=1794 (full 5):
 PSYoungGen      total 9216K, used 9193K [0x00000000d5580000, 0x00000000d6000000, 0x0000000100000000)
  eden space 8704K, 100% used [0x00000000d5580000,0x00000000d5e00000,0x00000000d5e00000)
  from space 512K, 95% used [0x00000000d5f80000,0x00000000d5ffa400,0x00000000d6000000)
  to   space 1024K, 0% used [0x00000000d5e00000,0x00000000d5e00000,0x00000000d5f00000)
 ParOldGen       total 333312K, used 328355K [0x0000000080000000, 0x0000000094580000, 0x00000000d5580000)
  object space 333312K, 98% used [0x0000000080000000,0x00000000940a8fb0,0x0000000094580000)
 Metaspace       used 87234K, committed 88896K, reserved 1179648K
  class space    used 8726K, committed 9472K, reserved 1048576K
}
Event: 32176.061 GC heap after
{Heap after GC invocations=1794 (full 5):
 PSYoungGen      total 9728K, used 521K [0x00000000d5580000, 0x00000000d6000000, 0x0000000100000000)
  eden space 8704K, 0% used [0x00000000d5580000,0x00000000d5580000,0x00000000d5e00000)
  from space 1024K, 50% used [0x00000000d5e00000,0x00000000d5e82400,0x00000000d5f00000)
  to   space 1024K, 0% used [0x00000000d5f00000,0x00000000d5f00000,0x00000000d6000000)
 ParOldGen       total 333312K, used 328876K [0x0000000080000000, 0x0000000094580000, 0x00000000d5580000)
  object space 333312K, 98% used [0x0000000080000000,0x000000009412b3c0,0x0000000094580000)
 Metaspace       used 87234K, committed 88896K, reserved 1179648K
  class space    used 8726K, committed 9472K, reserved 1048576K
}
Event: 32176.522 GC heap before
{Heap before GC invocations=1795 (full 5):
 PSYoungGen      total 9728K, used 9225K [0x00000000d5580000, 0x00000000d6000000, 0x0000000100000000)
  eden space 8704K, 100% used [0x00000000d5580000,0x00000000d5e00000,0x00000000d5e00000)
  from space 1024K, 50% used [0x00000000d5e00000,0x00000000d5e82400,0x00000000d5f00000)
  to   space 1024K, 0% used [0x00000000d5f00000,0x00000000d5f00000,0x00000000d6000000)
 ParOldGen       total 333312K, used 328876K [0x0000000080000000, 0x0000000094580000, 0x00000000d5580000)
  object space 333312K, 98% used [0x0000000080000000,0x000000009412b3c0,0x0000000094580000)
 Metaspace       used 87234K, committed 88896K, reserved 1179648K
  class space    used 8726K, committed 9472K, reserved 1048576K
}
Event: 32176.524 GC heap after
{Heap after GC invocations=1795 (full 5):
 PSYoungGen      total 9216K, used 297K [0x00000000d5580000, 0x00000000d5f80000, 0x0000000100000000)
  eden space 8704K, 0% used [0x00000000d5580000,0x00000000d5580000,0x00000000d5e00000)
  from space 512K, 58% used [0x00000000d5f00000,0x00000000d5f4a400,0x00000000d5f80000)
  to   space 512K, 0% used [0x00000000d5e80000,0x00000000d5e80000,0x00000000d5f00000)
 ParOldGen       total 333312K, used 329084K [0x0000000080000000, 0x0000000094580000, 0x00000000d5580000)
  object space 333312K, 98% used [0x0000000080000000,0x000000009415f3c0,0x0000000094580000)
 Metaspace       used 87234K, committed 88896K, reserved 1179648K
  class space    used 8726K, committed 9472K, reserved 1048576K
}
Event: 32177.123 GC heap before
{Heap before GC invocations=1796 (full 5):
 PSYoungGen      total 9216K, used 9001K [0x00000000d5580000, 0x00000000d5f80000, 0x0000000100000000)
  eden space 8704K, 100% used [0x00000000d5580000,0x00000000d5e00000,0x00000000d5e00000)
  from space 512K, 58% used [0x00000000d5f00000,0x00000000d5f4a400,0x00000000d5f80000)
  to   space 512K, 0% used [0x00000000d5e80000,0x00000000d5e80000,0x00000000d5f00000)
 ParOldGen       total 333312K, used 329084K [0x0000000080000000, 0x0000000094580000, 0x00000000d5580000)
  object space 333312K, 98% used [0x0000000080000000,0x000000009415f3c0,0x0000000094580000)
 Metaspace       used 87234K, committed 88896K, reserved 1179648K
  class space    used 8726K, committed 9472K, reserved 1048576K
}
Event: 32177.124 GC heap after
{Heap after GC invocations=1796 (full 5):
 PSYoungGen      total 9216K, used 505K [0x00000000d5580000, 0x00000000d6000000, 0x0000000100000000)
  eden space 8704K, 0% used [0x00000000d5580000,0x00000000d5580000,0x00000000d5e00000)
  from space 512K, 98% used [0x00000000d5e80000,0x00000000d5efe410,0x00000000d5f00000)
  to   space 1024K, 0% used [0x00000000d5f00000,0x00000000d5f00000,0x00000000d6000000)
 ParOldGen       total 333312K, used 329180K [0x0000000080000000, 0x0000000094580000, 0x00000000d5580000)
  object space 333312K, 98% used [0x0000000080000000,0x00000000941773d0,0x0000000094580000)
 Metaspace       used 87234K, committed 88896K, reserved 1179648K
  class space    used 8726K, committed 9472K, reserved 1048576K
}
Event: 32177.150 GC heap before
{Heap before GC invocations=1797 (full 5):
 PSYoungGen      total 9216K, used 9209K [0x00000000d5580000, 0x00000000d6000000, 0x0000000100000000)
  eden space 8704K, 100% used [0x00000000d5580000,0x00000000d5e00000,0x00000000d5e00000)
  from space 512K, 98% used [0x00000000d5e80000,0x00000000d5efe410,0x00000000d5f00000)
  to   space 1024K, 0% used [0x00000000d5f00000,0x00000000d5f00000,0x00000000d6000000)
 ParOldGen       total 333312K, used 329180K [0x0000000080000000, 0x0000000094580000, 0x00000000d5580000)
  object space 333312K, 98% used [0x0000000080000000,0x00000000941773d0,0x0000000094580000)
 Metaspace       used 87261K, committed 88896K, reserved 1179648K
  class space    used 8732K, committed 9472K, reserved 1048576K
}
Event: 32177.154 GC heap after
{Heap after GC invocations=1797 (full 5):
 PSYoungGen      total 9728K, used 681K [0x00000000d5580000, 0x00000000d6000000, 0x0000000100000000)
  eden space 8704K, 0% used [0x00000000d5580000,0x00000000d5580000,0x00000000d5e00000)
  from space 1024K, 66% used [0x00000000d5f00000,0x00000000d5faa400,0x00000000d6000000)
  to   space 1024K, 0% used [0x00000000d5e00000,0x00000000d5e00000,0x00000000d5f00000)
 ParOldGen       total 333312K, used 329669K [0x0000000080000000, 0x0000000094580000, 0x00000000d5580000)
  object space 333312K, 98% used [0x0000000080000000,0x00000000941f17f0,0x0000000094580000)
 Metaspace       used 87261K, committed 88896K, reserved 1179648K
  class space    used 8732K, committed 9472K, reserved 1048576K
}
Event: 32183.569 GC heap before
{Heap before GC invocations=1798 (full 5):
 PSYoungGen      total 9728K, used 9385K [0x00000000d5580000, 0x00000000d6000000, 0x0000000100000000)
  eden space 8704K, 100% used [0x00000000d5580000,0x00000000d5e00000,0x00000000d5e00000)
  from space 1024K, 66% used [0x00000000d5f00000,0x00000000d5faa400,0x00000000d6000000)
  to   space 1024K, 0% used [0x00000000d5e00000,0x00000000d5e00000,0x00000000d5f00000)
 ParOldGen       total 333312K, used 329669K [0x0000000080000000, 0x0000000094580000, 0x00000000d5580000)
  object space 333312K, 98% used [0x0000000080000000,0x00000000941f17f0,0x0000000094580000)
 Metaspace       used 87261K, committed 88896K, reserved 1179648K
  class space    used 8732K, committed 9472K, reserved 1048576K
}
Event: 32183.572 GC heap after
{Heap after GC invocations=1798 (full 5):
 PSYoungGen      total 9728K, used 713K [0x00000000d5580000, 0x00000000d6000000, 0x0000000100000000)
  eden space 8704K, 0% used [0x00000000d5580000,0x00000000d5580000,0x00000000d5e00000)
  from space 1024K, 69% used [0x00000000d5e00000,0x00000000d5eb2400,0x00000000d5f00000)
  to   space 1024K, 0% used [0x00000000d5f00000,0x00000000d5f00000,0x00000000d6000000)
 ParOldGen       total 333312K, used 330045K [0x0000000080000000, 0x0000000094580000, 0x00000000d5580000)
  object space 333312K, 99% used [0x0000000080000000,0x000000009424f7f0,0x0000000094580000)
 Metaspace       used 87261K, committed 88896K, reserved 1179648K
  class space    used 8732K, committed 9472K, reserved 1048576K
}
Event: 42855.621 GC heap before
{Heap before GC invocations=1799 (full 5):
 PSYoungGen      total 9728K, used 9417K [0x00000000d5580000, 0x00000000d6000000, 0x0000000100000000)
  eden space 8704K, 100% used [0x00000000d5580000,0x00000000d5e00000,0x00000000d5e00000)
  from space 1024K, 69% used [0x00000000d5e00000,0x00000000d5eb2400,0x00000000d5f00000)
  to   space 1024K, 0% used [0x00000000d5f00000,0x00000000d5f00000,0x00000000d6000000)
 ParOldGen       total 333312K, used 330045K [0x0000000080000000, 0x0000000094580000, 0x00000000d5580000)
  object space 333312K, 99% used [0x0000000080000000,0x000000009424f7f0,0x0000000094580000)
 Metaspace       used 87267K, committed 88896K, reserved 1179648K
  class space    used 8732K, committed 9472K, reserved 1048576K
}
Event: 42855.798 GC heap after
{Heap after GC invocations=1799 (full 5):
 PSYoungGen      total 9728K, used 416K [0x00000000d5580000, 0x00000000d6000000, 0x0000000100000000)
  eden space 8704K, 0% used [0x00000000d5580000,0x00000000d5580000,0x00000000d5e00000)
  from space 1024K, 40% used [0x00000000d5f00000,0x00000000d5f68000,0x00000000d6000000)
  to   space 1024K, 0% used [0x00000000d5e00000,0x00000000d5e00000,0x00000000d5f00000)
 ParOldGen       total 333312K, used 330631K [0x0000000080000000, 0x0000000094580000, 0x00000000d5580000)
  object space 333312K, 99% used [0x0000000080000000,0x00000000942e1c20,0x0000000094580000)
 Metaspace       used 87267K, committed 88896K, reserved 1179648K
  class space    used 8732K, committed 9472K, reserved 1048576K
}
Event: 42856.329 GC heap before
{Heap before GC invocations=1800 (full 5):
 PSYoungGen      total 9728K, used 9120K [0x00000000d5580000, 0x00000000d6000000, 0x0000000100000000)
  eden space 8704K, 100% used [0x00000000d5580000,0x00000000d5e00000,0x00000000d5e00000)
  from space 1024K, 40% used [0x00000000d5f00000,0x00000000d5f68000,0x00000000d6000000)
  to   space 1024K, 0% used [0x00000000d5e00000,0x00000000d5e00000,0x00000000d5f00000)
 ParOldGen       total 333312K, used 330631K [0x0000000080000000, 0x0000000094580000, 0x00000000d5580000)
  object space 333312K, 99% used [0x0000000080000000,0x00000000942e1c20,0x0000000094580000)
 Metaspace       used 87267K, committed 88896K, reserved 1179648K
  class space    used 8732K, committed 9472K, reserved 1048576K
}
Event: 42856.336 GC heap after
{Heap after GC invocations=1800 (full 5):
 PSYoungGen      total 9728K, used 953K [0x00000000d5580000, 0x00000000d6100000, 0x0000000100000000)
  eden space 8704K, 0% used [0x00000000d5580000,0x00000000d5580000,0x00000000d5e00000)
  from space 1024K, 93% used [0x00000000d5e00000,0x00000000d5eee430,0x00000000d5f00000)
  to   space 1536K, 0% used [0x00000000d5f80000,0x00000000d5f80000,0x00000000d6100000)
 ParOldGen       total 333312K, used 330983K [0x0000000080000000, 0x0000000094580000, 0x00000000d5580000)
  object space 333312K, 99% used [0x0000000080000000,0x0000000094339c20,0x0000000094580000)
 Metaspace       used 87267K, committed 88896K, reserved 1179648K
  class space    used 8732K, committed 9472K, reserved 1048576K
}
Event: 42875.649 GC heap before
{Heap before GC invocations=1801 (full 5):
 PSYoungGen      total 9728K, used 9657K [0x00000000d5580000, 0x00000000d6100000, 0x0000000100000000)
  eden space 8704K, 100% used [0x00000000d5580000,0x00000000d5e00000,0x00000000d5e00000)
  from space 1024K, 93% used [0x00000000d5e00000,0x00000000d5eee430,0x00000000d5f00000)
  to   space 1536K, 0% used [0x00000000d5f80000,0x00000000d5f80000,0x00000000d6100000)
 ParOldGen       total 333312K, used 330983K [0x0000000080000000, 0x0000000094580000, 0x00000000d5580000)
  object space 333312K, 99% used [0x0000000080000000,0x0000000094339c20,0x0000000094580000)
 Metaspace       used 87271K, committed 88896K, reserved 1179648K
  class space    used 8732K, committed 9472K, reserved 1048576K
}
Event: 42875.655 GC heap after
{Heap after GC invocations=1801 (full 5):
 PSYoungGen      total 10240K, used 1001K [0x00000000d5580000, 0x00000000d6100000, 0x0000000100000000)
  eden space 8704K, 0% used [0x00000000d5580000,0x00000000d5580000,0x00000000d5e00000)
  from space 1536K, 65% used [0x00000000d5f80000,0x00000000d607a400,0x00000000d6100000)
  to   space 1536K, 0% used [0x00000000d5e00000,0x00000000d5e00000,0x00000000d5f80000)
 ParOldGen       total 333312K, used 331744K [0x0000000080000000, 0x0000000094580000, 0x00000000d5580000)
  object space 333312K, 99% used [0x0000000080000000,0x00000000943f8070,0x0000000094580000)
 Metaspace       used 87271K, committed 88896K, reserved 1179648K
  class space    used 8732K, committed 9472K, reserved 1048576K
}

