# JRE version: OpenJDK Runtime Environment Temurin-21.0.8+9 (21.0.8+9) (build 21.0.8+9-LTS)
# Java VM: OpenJDK 64-Bit Server VM Temurin-21.0.8+9 (21.0.8+9-LTS, mixed mode, sharing, tiered, compressed oops, compressed class ptrs, parallel gc, windows-amd64)
GC Precious Log:
 CardTable entry size: 512
 CPUs: 12 total, 12 available
 Memory: 7561M
 Large Page Support: Disabled
 NUMA Support: Disabled
 Compressed Oops: Enabled (32-bit)
 Alignments: Space 512K, Generation 512K, Heap 2M
 Heap Min Capacity: 100M
 Heap Initial Capacity: 100M
 Heap Max Capacity: 2G
 Pre-touch: Disabled
 Parallel Workers: 10
Heap:
 PSYoungGen      total 2048K, used 575K [0x00000000d5580000, 0x00000000d5880000, 0x0000000100000000)
  eden space 1536K, 16% used [0x00000000d5580000,0x00000000d55bfdc8,0x00000000d5700000)
  from space 512K, 62% used [0x00000000d5780000,0x00000000d57d0000,0x00000000d5800000)
  to   space 512K, 0% used [0x00000000d5800000,0x00000000d5800000,0x00000000d5880000)
 ParOldGen       total 335360K, used 335051K [0x0000000080000000, 0x0000000094780000, 0x00000000d5580000)
  object space 335360K, 99% used [0x0000000080000000,0x0000000094732e50,0x0000000094780000)
 Metaspace       used 77837K, committed 79552K, reserved 1179648K
  class space    used 7687K, committed 8512K, reserved 1048576K
GC Heap History (20 events):
Event: 333.783 GC heap before
{Heap before GC invocations=1144 (full 4):
 PSYoungGen      total 2048K, used 1824K [0x00000000d5580000, 0x00000000d5880000, 0x0000000100000000)
  eden space 1536K, 100% used [0x00000000d5580000,0x00000000d5700000,0x00000000d5700000)
  from space 512K, 56% used [0x00000000d5780000,0x00000000d57c8000,0x00000000d5800000)
  to   space 512K, 0% used [0x00000000d5800000,0x00000000d5800000,0x00000000d5880000)
 ParOldGen       total 333824K, used 333545K [0x0000000080000000, 0x0000000094600000, 0x00000000d5580000)
  object space 333824K, 99% used [0x0000000080000000,0x00000000945ba600,0x0000000094600000)
 Metaspace       used 77752K, committed 79488K, reserved 1179648K
  class space    used 7681K, committed 8512K, reserved 1048576K
}
Event: 333.789 GC heap after
{Heap after GC invocations=1144 (full 4):
 PSYoungGen      total 2048K, used 288K [0x00000000d5580000, 0x00000000d5880000, 0x0000000100000000)
  eden space 1536K, 0% used [0x00000000d5580000,0x00000000d5580000,0x00000000d5700000)
  from space 512K, 56% used [0x00000000d5800000,0x00000000d5848000,0x00000000d5880000)
  to   space 512K, 0% used [0x00000000d5780000,0x00000000d5780000,0x00000000d5800000)
 ParOldGen       total 333824K, used 333649K [0x0000000080000000, 0x0000000094600000, 0x00000000d5580000)
  object space 333824K, 99% used [0x0000000080000000,0x00000000945d4600,0x0000000094600000)
 Metaspace       used 77752K, committed 79488K, reserved 1179648K
  class space    used 7681K, committed 8512K, reserved 1048576K
}
Event: 451.802 GC heap before
{Heap before GC invocations=1145 (full 4):
 PSYoungGen      total 2048K, used 1823K [0x00000000d5580000, 0x00000000d5880000, 0x0000000100000000)
  eden space 1536K, 99% used [0x00000000d5580000,0x00000000d56ffff0,0x00000000d5700000)
  from space 512K, 56% used [0x00000000d5800000,0x00000000d5848000,0x00000000d5880000)
  to   space 512K, 0% used [0x00000000d5780000,0x00000000d5780000,0x00000000d5800000)
 ParOldGen       total 333824K, used 333649K [0x0000000080000000, 0x0000000094600000, 0x00000000d5580000)
  object space 333824K, 99% used [0x0000000080000000,0x00000000945d4600,0x0000000094600000)
 Metaspace       used 77815K, committed 79552K, reserved 1179648K
  class space    used 7687K, committed 8512K, reserved 1048576K
}
Event: 452.259 GC heap after
{Heap after GC invocations=1145 (full 4):
 PSYoungGen      total 2048K, used 320K [0x00000000d5580000, 0x00000000d5880000, 0x0000000100000000)
  eden space 1536K, 0% used [0x00000000d5580000,0x00000000d5580000,0x00000000d5700000)
  from space 512K, 62% used [0x00000000d5780000,0x00000000d57d0000,0x00000000d5800000)
  to   space 512K, 0% used [0x00000000d5800000,0x00000000d5800000,0x00000000d5880000)
 ParOldGen       total 333824K, used 333737K [0x0000000080000000, 0x0000000094600000, 0x00000000d5580000)
  object space 333824K, 99% used [0x0000000080000000,0x00000000945ea600,0x0000000094600000)
 Metaspace       used 77815K, committed 79552K, reserved 1179648K
  class space    used 7687K, committed 8512K, reserved 1048576K
}
Event: 452.651 GC heap before
{Heap before GC invocations=1146 (full 4):
 PSYoungGen      total 2048K, used 1856K [0x00000000d5580000, 0x00000000d5880000, 0x0000000100000000)
  eden space 1536K, 100% used [0x00000000d5580000,0x00000000d5700000,0x00000000d5700000)
  from space 512K, 62% used [0x00000000d5780000,0x00000000d57d0000,0x00000000d5800000)
  to   space 512K, 0% used [0x00000000d5800000,0x00000000d5800000,0x00000000d5880000)
 ParOldGen       total 333824K, used 333737K [0x0000000080000000, 0x0000000094600000, 0x00000000d5580000)
  object space 333824K, 99% used [0x0000000080000000,0x00000000945ea600,0x0000000094600000)
 Metaspace       used 77823K, committed 79552K, reserved 1179648K
  class space    used 7687K, committed 8512K, reserved 1048576K
}
Event: 452.656 GC heap after
{Heap after GC invocations=1146 (full 4):
 PSYoungGen      total 2048K, used 192K [0x00000000d5580000, 0x00000000d5880000, 0x0000000100000000)
  eden space 1536K, 0% used [0x00000000d5580000,0x00000000d5580000,0x00000000d5700000)
  from space 512K, 37% used [0x00000000d5800000,0x00000000d5830000,0x00000000d5880000)
  to   space 512K, 0% used [0x00000000d5780000,0x00000000d5780000,0x00000000d5800000)
 ParOldGen       total 333824K, used 333793K [0x0000000080000000, 0x0000000094600000, 0x00000000d5580000)
  object space 333824K, 99% used [0x0000000080000000,0x00000000945f8600,0x0000000094600000)
 Metaspace       used 77823K, committed 79552K, reserved 1179648K
  class space    used 7687K, committed 8512K, reserved 1048576K
}
Event: 453.811 GC heap before
{Heap before GC invocations=1147 (full 4):
 PSYoungGen      total 2048K, used 1727K [0x00000000d5580000, 0x00000000d5880000, 0x0000000100000000)
  eden space 1536K, 99% used [0x00000000d5580000,0x00000000d56ffff8,0x00000000d5700000)
  from space 512K, 37% used [0x00000000d5800000,0x00000000d5830000,0x00000000d5880000)
  to   space 512K, 0% used [0x00000000d5780000,0x00000000d5780000,0x00000000d5800000)
 ParOldGen       total 333824K, used 333793K [0x0000000080000000, 0x0000000094600000, 0x00000000d5580000)
  object space 333824K, 99% used [0x0000000080000000,0x00000000945f8600,0x0000000094600000)
 Metaspace       used 77825K, committed 79552K, reserved 1179648K
  class space    used 7687K, committed 8512K, reserved 1048576K
}
Event: 453.814 GC heap after
{Heap after GC invocations=1147 (full 4):
 PSYoungGen      total 2048K, used 416K [0x00000000d5580000, 0x00000000d5880000, 0x0000000100000000)
  eden space 1536K, 0% used [0x00000000d5580000,0x00000000d5580000,0x00000000d5700000)
  from space 512K, 81% used [0x00000000d5780000,0x00000000d57e8040,0x00000000d5800000)
  to   space 512K, 0% used [0x00000000d5800000,0x00000000d5800000,0x00000000d5880000)
 ParOldGen       total 334336K, used 333841K [0x0000000080000000, 0x0000000094680000, 0x00000000d5580000)
  object space 334336K, 99% used [0x0000000080000000,0x0000000094604600,0x0000000094680000)
 Metaspace       used 77825K, committed 79552K, reserved 1179648K
  class space    used 7687K, committed 8512K, reserved 1048576K
}
Event: 454.865 GC heap before
{Heap before GC invocations=1148 (full 4):
 PSYoungGen      total 2048K, used 1951K [0x00000000d5580000, 0x00000000d5880000, 0x0000000100000000)
  eden space 1536K, 99% used [0x00000000d5580000,0x00000000d56fffa8,0x00000000d5700000)
  from space 512K, 81% used [0x00000000d5780000,0x00000000d57e8040,0x00000000d5800000)
  to   space 512K, 0% used [0x00000000d5800000,0x00000000d5800000,0x00000000d5880000)
 ParOldGen       total 334336K, used 333841K [0x0000000080000000, 0x0000000094680000, 0x00000000d5580000)
  object space 334336K, 99% used [0x0000000080000000,0x0000000094604600,0x0000000094680000)
 Metaspace       used 77825K, committed 79552K, reserved 1179648K
  class space    used 7687K, committed 8512K, reserved 1048576K
}
Event: 454.872 GC heap after
{Heap after GC invocations=1148 (full 4):
 PSYoungGen      total 2048K, used 393K [0x00000000d5580000, 0x00000000d5880000, 0x0000000100000000)
  eden space 1536K, 0% used [0x00000000d5580000,0x00000000d5580000,0x00000000d5700000)
  from space 512K, 76% used [0x00000000d5800000,0x00000000d5862400,0x00000000d5880000)
  to   space 512K, 0% used [0x00000000d5780000,0x00000000d5780000,0x00000000d5800000)
 ParOldGen       total 334336K, used 334001K [0x0000000080000000, 0x0000000094680000, 0x00000000d5580000)
  object space 334336K, 99% used [0x0000000080000000,0x000000009462c620,0x0000000094680000)
 Metaspace       used 77825K, committed 79552K, reserved 1179648K
  class space    used 7687K, committed 8512K, reserved 1048576K
}
Event: 455.037 GC heap before
{Heap before GC invocations=1149 (full 4):
 PSYoungGen      total 2048K, used 1929K [0x00000000d5580000, 0x00000000d5880000, 0x0000000100000000)
  eden space 1536K, 100% used [0x00000000d5580000,0x00000000d5700000,0x00000000d5700000)
  from space 512K, 76% used [0x00000000d5800000,0x00000000d5862400,0x00000000d5880000)
  to   space 512K, 0% used [0x00000000d5780000,0x00000000d5780000,0x00000000d5800000)
 ParOldGen       total 334336K, used 334001K [0x0000000080000000, 0x0000000094680000, 0x00000000d5580000)
  object space 334336K, 99% used [0x0000000080000000,0x000000009462c620,0x0000000094680000)
 Metaspace       used 77836K, committed 79552K, reserved 1179648K
  class space    used 7687K, committed 8512K, reserved 1048576K
}
Event: 455.047 GC heap after
{Heap after GC invocations=1149 (full 4):
 PSYoungGen      total 2048K, used 425K [0x00000000d5580000, 0x00000000d5880000, 0x0000000100000000)
  eden space 1536K, 0% used [0x00000000d5580000,0x00000000d5580000,0x00000000d5700000)
  from space 512K, 83% used [0x00000000d5780000,0x00000000d57ea400,0x00000000d5800000)
  to   space 512K, 0% used [0x00000000d5800000,0x00000000d5800000,0x00000000d5880000)
 ParOldGen       total 334336K, used 334274K [0x0000000080000000, 0x0000000094680000, 0x00000000d5580000)
  object space 334336K, 99% used [0x0000000080000000,0x0000000094670a20,0x0000000094680000)
 Metaspace       used 77836K, committed 79552K, reserved 1179648K
  class space    used 7687K, committed 8512K, reserved 1048576K
}
Event: 455.163 GC heap before
{Heap before GC invocations=1150 (full 4):
 PSYoungGen      total 2048K, used 1961K [0x00000000d5580000, 0x00000000d5880000, 0x0000000100000000)
  eden space 1536K, 100% used [0x00000000d5580000,0x00000000d5700000,0x00000000d5700000)
  from space 512K, 83% used [0x00000000d5780000,0x00000000d57ea400,0x00000000d5800000)
  to   space 512K, 0% used [0x00000000d5800000,0x00000000d5800000,0x00000000d5880000)
 ParOldGen       total 334336K, used 334274K [0x0000000080000000, 0x0000000094680000, 0x00000000d5580000)
  object space 334336K, 99% used [0x0000000080000000,0x0000000094670a20,0x0000000094680000)
 Metaspace       used 77836K, committed 79552K, reserved 1179648K
  class space    used 7687K, committed 8512K, reserved 1048576K
}
Event: 455.165 GC heap after
{Heap after GC invocations=1150 (full 4):
 PSYoungGen      total 2048K, used 480K [0x00000000d5580000, 0x00000000d5880000, 0x0000000100000000)
  eden space 1536K, 0% used [0x00000000d5580000,0x00000000d5580000,0x00000000d5700000)
  from space 512K, 93% used [0x00000000d5800000,0x00000000d5878000,0x00000000d5880000)
  to   space 512K, 0% used [0x00000000d5780000,0x00000000d5780000,0x00000000d5800000)
 ParOldGen       total 334848K, used 334491K [0x0000000080000000, 0x0000000094700000, 0x00000000d5580000)
  object space 334848K, 99% used [0x0000000080000000,0x00000000946a6e30,0x0000000094700000)
 Metaspace       used 77836K, committed 79552K, reserved 1179648K
  class space    used 7687K, committed 8512K, reserved 1048576K
}
Event: 455.240 GC heap before
{Heap before GC invocations=1151 (full 4):
 PSYoungGen      total 2048K, used 2016K [0x00000000d5580000, 0x00000000d5880000, 0x0000000100000000)
  eden space 1536K, 100% used [0x00000000d5580000,0x00000000d5700000,0x00000000d5700000)
  from space 512K, 93% used [0x00000000d5800000,0x00000000d5878000,0x00000000d5880000)
  to   space 512K, 0% used [0x00000000d5780000,0x00000000d5780000,0x00000000d5800000)
 ParOldGen       total 334848K, used 334491K [0x0000000080000000, 0x0000000094700000, 0x00000000d5580000)
  object space 334848K, 99% used [0x0000000080000000,0x00000000946a6e30,0x0000000094700000)
 Metaspace       used 77836K, committed 79552K, reserved 1179648K
  class space    used 7687K, committed 8512K, reserved 1048576K
}
Event: 455.245 GC heap after
{Heap after GC invocations=1151 (full 4):
 PSYoungGen      total 2048K, used 256K [0x00000000d5580000, 0x00000000d5880000, 0x0000000100000000)
  eden space 1536K, 0% used [0x00000000d5580000,0x00000000d5580000,0x00000000d5700000)
  from space 512K, 50% used [0x00000000d5780000,0x00000000d57c0000,0x00000000d5800000)
  to   space 512K, 0% used [0x00000000d5800000,0x00000000d5800000,0x00000000d5880000)
 ParOldGen       total 334848K, used 334827K [0x0000000080000000, 0x0000000094700000, 0x00000000d5580000)
  object space 334848K, 99% used [0x0000000080000000,0x00000000946fae50,0x0000000094700000)
 Metaspace       used 77836K, committed 79552K, reserved 1179648K
  class space    used 7687K, committed 8512K, reserved 1048576K
}
Event: 455.274 GC heap before
{Heap before GC invocations=1152 (full 4):
 PSYoungGen      total 2048K, used 1792K [0x00000000d5580000, 0x00000000d5880000, 0x0000000100000000)
  eden space 1536K, 100% used [0x00000000d5580000,0x00000000d5700000,0x00000000d5700000)
  from space 512K, 50% used [0x00000000d5780000,0x00000000d57c0000,0x00000000d5800000)
  to   space 512K, 0% used [0x00000000d5800000,0x00000000d5800000,0x00000000d5880000)
 ParOldGen       total 334848K, used 334827K [0x0000000080000000, 0x0000000094700000, 0x00000000d5580000)
  object space 334848K, 99% used [0x0000000080000000,0x00000000946fae50,0x0000000094700000)
 Metaspace       used 77836K, committed 79552K, reserved 1179648K
  class space    used 7687K, committed 8512K, reserved 1048576K
}
Event: 455.281 GC heap after
{Heap after GC invocations=1152 (full 4):
 PSYoungGen      total 2048K, used 288K [0x00000000d5580000, 0x00000000d5880000, 0x0000000100000000)
  eden space 1536K, 0% used [0x00000000d5580000,0x00000000d5580000,0x00000000d5700000)
  from space 512K, 56% used [0x00000000d5800000,0x00000000d5848000,0x00000000d5880000)
  to   space 512K, 0% used [0x00000000d5780000,0x00000000d5780000,0x00000000d5800000)
 ParOldGen       total 335360K, used 334923K [0x0000000080000000, 0x0000000094780000, 0x00000000d5580000)
  object space 335360K, 99% used [0x0000000080000000,0x0000000094712e50,0x0000000094780000)
 Metaspace       used 77836K, committed 79552K, reserved 1179648K
  class space    used 7687K, committed 8512K, reserved 1048576K
}
Event: 455.338 GC heap before
{Heap before GC invocations=1153 (full 4):
 PSYoungGen      total 2048K, used 1824K [0x00000000d5580000, 0x00000000d5880000, 0x0000000100000000)
  eden space 1536K, 100% used [0x00000000d5580000,0x00000000d5700000,0x00000000d5700000)
  from space 512K, 56% used [0x00000000d5800000,0x00000000d5848000,0x00000000d5880000)
  to   space 512K, 0% used [0x00000000d5780000,0x00000000d5780000,0x00000000d5800000)
 ParOldGen       total 335360K, used 334923K [0x0000000080000000, 0x0000000094780000, 0x00000000d5580000)
  object space 335360K, 99% used [0x0000000080000000,0x0000000094712e50,0x0000000094780000)
 Metaspace       used 77836K, committed 79552K, reserved 1179648K
  class space    used 7687K, committed 8512K, reserved 1048576K
}
Event: 455.340 GC heap after
{Heap after GC invocations=1153 (full 4):
 PSYoungGen      total 2048K, used 320K [0x00000000d5580000, 0x00000000d5880000, 0x0000000100000000)
  eden space 1536K, 0% used [0x00000000d5580000,0x00000000d5580000,0x00000000d5700000)
  from space 512K, 62% used [0x00000000d5780000,0x00000000d57d0000,0x00000000d5800000)
  to   space 512K, 0% used [0x00000000d5800000,0x00000000d5800000,0x00000000d5880000)
 ParOldGen       total 335360K, used 335051K [0x0000000080000000, 0x0000000094780000, 0x00000000d5580000)
  object space 335360K, 99% used [0x0000000080000000,0x0000000094732e50,0x0000000094780000)
 Metaspace       used 77836K, committed 79552K, reserved 1179648K
  class space    used 7687K, committed 8512K, reserved 1048576K
}

