# JRE version: OpenJDK Runtime Environment Temurin-21.0.9+10 (21.0.9+10) (build 21.0.9+10-LTS)
# Java VM: OpenJDK 64-Bit Server VM Temurin-21.0.9+10 (21.0.9+10-LTS, mixed mode, sharing, tiered, compressed oops, compressed class ptrs, parallel gc, windows-amd64)
GC Precious Log:
 CardTable entry size: 512
 CPUs: 12 total, 12 available
 Memory: 7561M
 Large Page Support: Disabled
 NUMA Support: Disabled
 Compressed Oops: Enabled (32-bit)
 Alignments: Space 512K, Generation 512K, Heap 2M
 Heap Min Capacity: 100M
 Heap Initial Capacity: 100M
 Heap Max Capacity: 2G
 Pre-touch: Disabled
 Parallel Workers: 10
Heap:
 PSYoungGen      total 7680K, used 3375K [0x00000000d5580000, 0x00000000d5e00000, 0x0000000100000000)
  eden space 6656K, 39% used [0x00000000d5580000,0x00000000d5810870,0x00000000d5c00000)
  from space 1024K, 73% used [0x00000000d5c00000,0x00000000d5cbb4d8,0x00000000d5d00000)
  to   space 1024K, 0% used [0x00000000d5d00000,0x00000000d5d00000,0x00000000d5e00000)
 ParOldGen       total 472064K, used 471952K [0x0000000080000000, 0x000000009cd00000, 0x00000000d5580000)
  object space 472064K, 99% used [0x0000000080000000,0x000000009cce41e0,0x000000009cd00000)
 Metaspace       used 75982K, committed 77760K, reserved 1179648K
  class space    used 7502K, committed 8320K, reserved 1048576K
GC Heap History (20 events):
Event: 2070.653 GC heap before
{Heap before GC invocations=1098 (full 4):
 PSYoungGen      total 9216K, used 8576K [0x00000000d5580000, 0x00000000d5f80000, 0x0000000100000000)
  eden space 7680K, 100% used [0x00000000d5580000,0x00000000d5d00000,0x00000000d5d00000)
  from space 1536K, 58% used [0x00000000d5d00000,0x00000000d5de0020,0x00000000d5e80000)
  to   space 1024K, 0% used [0x00000000d5e80000,0x00000000d5e80000,0x00000000d5f80000)
 ParOldGen       total 466944K, used 466640K [0x0000000080000000, 0x000000009c800000, 0x00000000d5580000)
  object space 466944K, 99% used [0x0000000080000000,0x000000009c7b4078,0x000000009c800000)
 Metaspace       used 75473K, committed 77248K, reserved 1179648K
  class space    used 7461K, committed 8256K, reserved 1048576K
}
Event: 2070.656 GC heap after
{Heap after GC invocations=1098 (full 4):
 PSYoungGen      total 7680K, used 1001K [0x00000000d5580000, 0x00000000d6200000, 0x0000000100000000)
  eden space 6656K, 0% used [0x00000000d5580000,0x00000000d5580000,0x00000000d5c00000)
  from space 1024K, 97% used [0x00000000d5e80000,0x00000000d5f7a4d8,0x00000000d5f80000)
  to   space 2560K, 0% used [0x00000000d5c00000,0x00000000d5c00000,0x00000000d5e80000)
 ParOldGen       total 467968K, used 467536K [0x0000000080000000, 0x000000009c900000, 0x00000000d5580000)
  object space 467968K, 99% used [0x0000000080000000,0x000000009c8940c8,0x000000009c900000)
 Metaspace       used 75473K, committed 77248K, reserved 1179648K
  class space    used 7461K, committed 8256K, reserved 1048576K
}
Event: 2072.923 GC heap before
{Heap before GC invocations=1099 (full 4):
 PSYoungGen      total 7680K, used 7657K [0x00000000d5580000, 0x00000000d6200000, 0x0000000100000000)
  eden space 6656K, 100% used [0x00000000d5580000,0x00000000d5c00000,0x00000000d5c00000)
  from space 1024K, 97% used [0x00000000d5e80000,0x00000000d5f7a4d8,0x00000000d5f80000)
  to   space 2560K, 0% used [0x00000000d5c00000,0x00000000d5c00000,0x00000000d5e80000)
 ParOldGen       total 467968K, used 467536K [0x0000000080000000, 0x000000009c900000, 0x00000000d5580000)
  object space 467968K, 99% used [0x0000000080000000,0x000000009c8940c8,0x000000009c900000)
 Metaspace       used 75474K, committed 77248K, reserved 1179648K
  class space    used 7461K, committed 8256K, reserved 1048576K
}
Event: 2072.925 GC heap after
{Heap after GC invocations=1099 (full 4):
 PSYoungGen      total 7168K, used 489K [0x00000000d5580000, 0x00000000d5f00000, 0x0000000100000000)
  eden space 6656K, 0% used [0x00000000d5580000,0x00000000d5580000,0x00000000d5c00000)
  from space 512K, 95% used [0x00000000d5c00000,0x00000000d5c7a400,0x00000000d5c80000)
  to   space 1024K, 0% used [0x00000000d5e00000,0x00000000d5e00000,0x00000000d5f00000)
 ParOldGen       total 468480K, used 468367K [0x0000000080000000, 0x000000009c980000, 0x00000000d5580000)
  object space 468480K, 99% used [0x0000000080000000,0x000000009c963cd0,0x000000009c980000)
 Metaspace       used 75474K, committed 77248K, reserved 1179648K
  class space    used 7461K, committed 8256K, reserved 1048576K
}
Event: 2073.293 GC heap before
{Heap before GC invocations=1100 (full 4):
 PSYoungGen      total 7168K, used 7145K [0x00000000d5580000, 0x00000000d5f00000, 0x0000000100000000)
  eden space 6656K, 100% used [0x00000000d5580000,0x00000000d5c00000,0x00000000d5c00000)
  from space 512K, 95% used [0x00000000d5c00000,0x00000000d5c7a400,0x00000000d5c80000)
  to   space 1024K, 0% used [0x00000000d5e00000,0x00000000d5e00000,0x00000000d5f00000)
 ParOldGen       total 468480K, used 468367K [0x0000000080000000, 0x000000009c980000, 0x00000000d5580000)
  object space 468480K, 99% used [0x0000000080000000,0x000000009c963cd0,0x000000009c980000)
 Metaspace       used 75650K, committed 77440K, reserved 1179648K
  class space    used 7473K, committed 8256K, reserved 1048576K
}
Event: 2073.295 GC heap after
{Heap after GC invocations=1100 (full 4):
 PSYoungGen      total 7168K, used 404K [0x00000000d5580000, 0x00000000d5e80000, 0x0000000100000000)
  eden space 6656K, 0% used [0x00000000d5580000,0x00000000d5580000,0x00000000d5c00000)
  from space 512K, 79% used [0x00000000d5e00000,0x00000000d5e65220,0x00000000d5e80000)
  to   space 1024K, 0% used [0x00000000d5c80000,0x00000000d5c80000,0x00000000d5d80000)
 ParOldGen       total 468480K, used 468399K [0x0000000080000000, 0x000000009c980000, 0x00000000d5580000)
  object space 468480K, 99% used [0x0000000080000000,0x000000009c96bcd0,0x000000009c980000)
 Metaspace       used 75650K, committed 77440K, reserved 1179648K
  class space    used 7473K, committed 8256K, reserved 1048576K
}
Event: 2073.306 GC heap before
{Heap before GC invocations=1101 (full 4):
 PSYoungGen      total 7168K, used 7060K [0x00000000d5580000, 0x00000000d5e80000, 0x0000000100000000)
  eden space 6656K, 100% used [0x00000000d5580000,0x00000000d5c00000,0x00000000d5c00000)
  from space 512K, 79% used [0x00000000d5e00000,0x00000000d5e65220,0x00000000d5e80000)
  to   space 1024K, 0% used [0x00000000d5c80000,0x00000000d5c80000,0x00000000d5d80000)
 ParOldGen       total 468480K, used 468399K [0x0000000080000000, 0x000000009c980000, 0x00000000d5580000)
  object space 468480K, 99% used [0x0000000080000000,0x000000009c96bcd0,0x000000009c980000)
 Metaspace       used 75650K, committed 77440K, reserved 1179648K
  class space    used 7473K, committed 8256K, reserved 1048576K
}
Event: 2073.307 GC heap after
{Heap after GC invocations=1101 (full 4):
 PSYoungGen      total 7680K, used 878K [0x00000000d5580000, 0x00000000d5e80000, 0x0000000100000000)
  eden space 6656K, 0% used [0x00000000d5580000,0x00000000d5580000,0x00000000d5c00000)
  from space 1024K, 85% used [0x00000000d5c80000,0x00000000d5d5bb70,0x00000000d5d80000)
  to   space 1024K, 0% used [0x00000000d5d80000,0x00000000d5d80000,0x00000000d5e80000)
 ParOldGen       total 468992K, used 468611K [0x0000000080000000, 0x000000009ca00000, 0x00000000d5580000)
  object space 468992K, 99% used [0x0000000080000000,0x000000009c9a0ef0,0x000000009ca00000)
 Metaspace       used 75650K, committed 77440K, reserved 1179648K
  class space    used 7473K, committed 8256K, reserved 1048576K
}
Event: 2073.316 GC heap before
{Heap before GC invocations=1102 (full 4):
 PSYoungGen      total 7680K, used 7534K [0x00000000d5580000, 0x00000000d5e80000, 0x0000000100000000)
  eden space 6656K, 100% used [0x00000000d5580000,0x00000000d5c00000,0x00000000d5c00000)
  from space 1024K, 85% used [0x00000000d5c80000,0x00000000d5d5bb70,0x00000000d5d80000)
  to   space 1024K, 0% used [0x00000000d5d80000,0x00000000d5d80000,0x00000000d5e80000)
 ParOldGen       total 468992K, used 468611K [0x0000000080000000, 0x000000009ca00000, 0x00000000d5580000)
  object space 468992K, 99% used [0x0000000080000000,0x000000009c9a0ef0,0x000000009ca00000)
 Metaspace       used 75650K, committed 77440K, reserved 1179648K
  class space    used 7473K, committed 8256K, reserved 1048576K
}
Event: 2073.318 GC heap after
{Heap after GC invocations=1102 (full 4):
 PSYoungGen      total 7680K, used 736K [0x00000000d5580000, 0x00000000d5e80000, 0x0000000100000000)
  eden space 6656K, 0% used [0x00000000d5580000,0x00000000d5580000,0x00000000d5c00000)
  from space 1024K, 71% used [0x00000000d5d80000,0x00000000d5e38000,0x00000000d5e80000)
  to   space 1024K, 0% used [0x00000000d5c80000,0x00000000d5c80000,0x00000000d5d80000)
 ParOldGen       total 469504K, used 469322K [0x0000000080000000, 0x000000009ca80000, 0x00000000d5580000)
  object space 469504K, 99% used [0x0000000080000000,0x000000009ca52a60,0x000000009ca80000)
 Metaspace       used 75650K, committed 77440K, reserved 1179648K
  class space    used 7473K, committed 8256K, reserved 1048576K
}
Event: 2073.330 GC heap before
{Heap before GC invocations=1103 (full 4):
 PSYoungGen      total 7680K, used 7392K [0x00000000d5580000, 0x00000000d5e80000, 0x0000000100000000)
  eden space 6656K, 100% used [0x00000000d5580000,0x00000000d5c00000,0x00000000d5c00000)
  from space 1024K, 71% used [0x00000000d5d80000,0x00000000d5e38000,0x00000000d5e80000)
  to   space 1024K, 0% used [0x00000000d5c80000,0x00000000d5c80000,0x00000000d5d80000)
 ParOldGen       total 469504K, used 469322K [0x0000000080000000, 0x000000009ca80000, 0x00000000d5580000)
  object space 469504K, 99% used [0x0000000080000000,0x000000009ca52a60,0x000000009ca80000)
 Metaspace       used 75671K, committed 77440K, reserved 1179648K
  class space    used 7473K, committed 8256K, reserved 1048576K
}
Event: 2073.332 GC heap after
{Heap after GC invocations=1103 (full 4):
 PSYoungGen      total 7680K, used 918K [0x00000000d5580000, 0x00000000d5e00000, 0x0000000100000000)
  eden space 6656K, 0% used [0x00000000d5580000,0x00000000d5580000,0x00000000d5c00000)
  from space 1024K, 89% used [0x00000000d5c80000,0x00000000d5d658d8,0x00000000d5d80000)
  to   space 512K, 0% used [0x00000000d5d80000,0x00000000d5d80000,0x00000000d5e00000)
 ParOldGen       total 470016K, used 469930K [0x0000000080000000, 0x000000009cb00000, 0x00000000d5580000)
  object space 470016K, 99% used [0x0000000080000000,0x000000009caeaaa0,0x000000009cb00000)
 Metaspace       used 75671K, committed 77440K, reserved 1179648K
  class space    used 7473K, committed 8256K, reserved 1048576K
}
Event: 2073.548 GC heap before
{Heap before GC invocations=1104 (full 4):
 PSYoungGen      total 7680K, used 7574K [0x00000000d5580000, 0x00000000d5e00000, 0x0000000100000000)
  eden space 6656K, 100% used [0x00000000d5580000,0x00000000d5c00000,0x00000000d5c00000)
  from space 1024K, 89% used [0x00000000d5c80000,0x00000000d5d658d8,0x00000000d5d80000)
  to   space 512K, 0% used [0x00000000d5d80000,0x00000000d5d80000,0x00000000d5e00000)
 ParOldGen       total 470016K, used 469930K [0x0000000080000000, 0x000000009cb00000, 0x00000000d5580000)
  object space 470016K, 99% used [0x0000000080000000,0x000000009caeaaa0,0x000000009cb00000)
 Metaspace       used 75674K, committed 77440K, reserved 1179648K
  class space    used 7473K, committed 8256K, reserved 1048576K
}
Event: 2073.549 GC heap after
{Heap after GC invocations=1104 (full 4):
 PSYoungGen      total 7168K, used 297K [0x00000000d5580000, 0x00000000d5e00000, 0x0000000100000000)
  eden space 6656K, 0% used [0x00000000d5580000,0x00000000d5580000,0x00000000d5c00000)
  from space 512K, 58% used [0x00000000d5d80000,0x00000000d5dca400,0x00000000d5e00000)
  to   space 1024K, 0% used [0x00000000d5c00000,0x00000000d5c00000,0x00000000d5d00000)
 ParOldGen       total 470528K, used 470501K [0x0000000080000000, 0x000000009cb80000, 0x00000000d5580000)
  object space 470528K, 99% used [0x0000000080000000,0x000000009cb79430,0x000000009cb80000)
 Metaspace       used 75674K, committed 77440K, reserved 1179648K
  class space    used 7473K, committed 8256K, reserved 1048576K
}
Event: 2073.563 GC heap before
{Heap before GC invocations=1105 (full 4):
 PSYoungGen      total 7168K, used 6953K [0x00000000d5580000, 0x00000000d5e00000, 0x0000000100000000)
  eden space 6656K, 100% used [0x00000000d5580000,0x00000000d5c00000,0x00000000d5c00000)
  from space 512K, 58% used [0x00000000d5d80000,0x00000000d5dca400,0x00000000d5e00000)
  to   space 1024K, 0% used [0x00000000d5c00000,0x00000000d5c00000,0x00000000d5d00000)
 ParOldGen       total 470528K, used 470501K [0x0000000080000000, 0x000000009cb80000, 0x00000000d5580000)
  object space 470528K, 99% used [0x0000000080000000,0x000000009cb79430,0x000000009cb80000)
 Metaspace       used 75674K, committed 77440K, reserved 1179648K
  class space    used 7473K, committed 8256K, reserved 1048576K
}
Event: 2073.565 GC heap after
{Heap after GC invocations=1105 (full 4):
 PSYoungGen      total 7680K, used 903K [0x00000000d5580000, 0x00000000d5e00000, 0x0000000100000000)
  eden space 6656K, 0% used [0x00000000d5580000,0x00000000d5580000,0x00000000d5c00000)
  from space 1024K, 88% used [0x00000000d5c00000,0x00000000d5ce1e28,0x00000000d5d00000)
  to   space 1024K, 0% used [0x00000000d5d00000,0x00000000d5d00000,0x00000000d5e00000)
 ParOldGen       total 471040K, used 470686K [0x0000000080000000, 0x000000009cc00000, 0x00000000d5580000)
  object space 471040K, 99% used [0x0000000080000000,0x000000009cba7830,0x000000009cc00000)
 Metaspace       used 75674K, committed 77440K, reserved 1179648K
  class space    used 7473K, committed 8256K, reserved 1048576K
}
Event: 2073.573 GC heap before
{Heap before GC invocations=1106 (full 4):
 PSYoungGen      total 7680K, used 7559K [0x00000000d5580000, 0x00000000d5e00000, 0x0000000100000000)
  eden space 6656K, 100% used [0x00000000d5580000,0x00000000d5c00000,0x00000000d5c00000)
  from space 1024K, 88% used [0x00000000d5c00000,0x00000000d5ce1e28,0x00000000d5d00000)
  to   space 1024K, 0% used [0x00000000d5d00000,0x00000000d5d00000,0x00000000d5e00000)
 ParOldGen       total 471040K, used 470686K [0x0000000080000000, 0x000000009cc00000, 0x00000000d5580000)
  object space 471040K, 99% used [0x0000000080000000,0x000000009cba7830,0x000000009cc00000)
 Metaspace       used 75674K, committed 77440K, reserved 1179648K
  class space    used 7473K, committed 8256K, reserved 1048576K
}
Event: 2073.575 GC heap after
{Heap after GC invocations=1106 (full 4):
 PSYoungGen      total 7680K, used 720K [0x00000000d5580000, 0x00000000d5e00000, 0x0000000100000000)
  eden space 6656K, 0% used [0x00000000d5580000,0x00000000d5580000,0x00000000d5c00000)
  from space 1024K, 70% used [0x00000000d5d00000,0x00000000d5db4010,0x00000000d5e00000)
  to   space 1024K, 0% used [0x00000000d5c00000,0x00000000d5c00000,0x00000000d5d00000)
 ParOldGen       total 471552K, used 471368K [0x0000000080000000, 0x000000009cc80000, 0x00000000d5580000)
  object space 471552K, 99% used [0x0000000080000000,0x000000009cc521a0,0x000000009cc80000)
 Metaspace       used 75674K, committed 77440K, reserved 1179648K
  class space    used 7473K, committed 8256K, reserved 1048576K
}
Event: 2224.147 GC heap before
{Heap before GC invocations=1107 (full 4):
 PSYoungGen      total 7680K, used 7376K [0x00000000d5580000, 0x00000000d5e00000, 0x0000000100000000)
  eden space 6656K, 100% used [0x00000000d5580000,0x00000000d5c00000,0x00000000d5c00000)
  from space 1024K, 70% used [0x00000000d5d00000,0x00000000d5db4010,0x00000000d5e00000)
  to   space 1024K, 0% used [0x00000000d5c00000,0x00000000d5c00000,0x00000000d5d00000)
 ParOldGen       total 471552K, used 471368K [0x0000000080000000, 0x000000009cc80000, 0x00000000d5580000)
  object space 471552K, 99% used [0x0000000080000000,0x000000009cc521a0,0x000000009cc80000)
 Metaspace       used 75969K, committed 77760K, reserved 1179648K
  class space    used 7502K, committed 8320K, reserved 1048576K
}
Event: 2224.170 GC heap after
{Heap after GC invocations=1107 (full 4):
 PSYoungGen      total 7680K, used 749K [0x00000000d5580000, 0x00000000d5e00000, 0x0000000100000000)
  eden space 6656K, 0% used [0x00000000d5580000,0x00000000d5580000,0x00000000d5c00000)
  from space 1024K, 73% used [0x00000000d5c00000,0x00000000d5cbb4d8,0x00000000d5d00000)
  to   space 1024K, 0% used [0x00000000d5d00000,0x00000000d5d00000,0x00000000d5e00000)
 ParOldGen       total 472064K, used 471952K [0x0000000080000000, 0x000000009cd00000, 0x00000000d5580000)
  object space 472064K, 99% used [0x0000000080000000,0x000000009cce41e0,0x000000009cd00000)
 Metaspace       used 75969K, committed 77760K, reserved 1179648K
  class space    used 7502K, committed 8320K, reserved 1048576K
}

