# JRE version: OpenJDK Runtime Environment Temurin-21.0.9+10 (21.0.9+10) (build 21.0.9+10-LTS)
# Java VM: OpenJDK 64-Bit Server VM Temurin-21.0.9+10 (21.0.9+10-LTS, mixed mode, sharing, tiered, compressed oops, compressed class ptrs, parallel gc, windows-amd64)
GC Precious Log:
 CardTable entry size: 512
 CPUs: 12 total, 12 available
 Memory: 7561M
 Large Page Support: Disabled
 NUMA Support: Disabled
 Compressed Oops: Enabled (32-bit)
 Alignments: Space 512K, Generation 512K, Heap 2M
 Heap Min Capacity: 100M
 Heap Initial Capacity: 100M
 Heap Max Capacity: 2G
 Pre-touch: Disabled
 Parallel Workers: 10
Heap:
 PSYoungGen      total 4608K, used 3904K [0x00000000d5580000, 0x00000000d5a80000, 0x0000000100000000)
  eden space 3584K, 100% used [0x00000000d5580000,0x00000000d5900000,0x00000000d5900000)
  from space 1024K, 31% used [0x00000000d5900000,0x00000000d5950000,0x00000000d5a00000)
  to   space 512K, 0% used [0x00000000d5a00000,0x00000000d5a00000,0x00000000d5a80000)
 ParOldGen       total 198656K, used 142416K [0x0000000080000000, 0x000000008c200000, 0x00000000d5580000)
  object space 198656K, 71% used [0x0000000080000000,0x0000000088b14000,0x000000008c200000)
 Metaspace       used 70384K, committed 72064K, reserved 1114112K
  class space    used 7007K, committed 7744K, reserved 1048576K
GC Heap History (20 events):
Event: 45.075 GC heap after
{Heap after GC invocations=246 (full 4):
 PSYoungGen      total 4096K, used 451K [0x00000000d5580000, 0x00000000d5a80000, 0x0000000100000000)
  eden space 3584K, 0% used [0x00000000d5580000,0x00000000d5580000,0x00000000d5900000)
  from space 512K, 88% used [0x00000000d5a00000,0x00000000d5a70df8,0x00000000d5a80000)
  to   space 512K, 0% used [0x00000000d5900000,0x00000000d5900000,0x00000000d5980000)
 ParOldGen       total 198656K, used 120419K [0x0000000080000000, 0x000000008c200000, 0x00000000d5580000)
  object space 198656K, 60% used [0x0000000080000000,0x0000000087598c50,0x000000008c200000)
 Metaspace       used 70327K, committed 72000K, reserved 1114112K
  class space    used 6999K, committed 7744K, reserved 1048576K
}
Event: 45.079 GC heap before
{Heap before GC invocations=247 (full 4):
 PSYoungGen      total 4096K, used 4035K [0x00000000d5580000, 0x00000000d5a80000, 0x0000000100000000)
  eden space 3584K, 100% used [0x00000000d5580000,0x00000000d5900000,0x00000000d5900000)
  from space 512K, 88% used [0x00000000d5a00000,0x00000000d5a70df8,0x00000000d5a80000)
  to   space 512K, 0% used [0x00000000d5900000,0x00000000d5900000,0x00000000d5980000)
 ParOldGen       total 198656K, used 120419K [0x0000000080000000, 0x000000008c200000, 0x00000000d5580000)
  object space 198656K, 60% used [0x0000000080000000,0x0000000087598c50,0x000000008c200000)
 Metaspace       used 70339K, committed 72000K, reserved 1114112K
  class space    used 7002K, committed 7744K, reserved 1048576K
}
Event: 45.080 GC heap after
{Heap after GC invocations=247 (full 4):
 PSYoungGen      total 4096K, used 288K [0x00000000d5580000, 0x00000000d5a80000, 0x0000000100000000)
  eden space 3584K, 0% used [0x00000000d5580000,0x00000000d5580000,0x00000000d5900000)
  from space 512K, 56% used [0x00000000d5900000,0x00000000d5948000,0x00000000d5980000)
  to   space 512K, 0% used [0x00000000d5a00000,0x00000000d5a00000,0x00000000d5a80000)
 ParOldGen       total 198656K, used 120661K [0x0000000080000000, 0x000000008c200000, 0x00000000d5580000)
  object space 198656K, 60% used [0x0000000080000000,0x00000000875d57e0,0x000000008c200000)
 Metaspace       used 70339K, committed 72000K, reserved 1114112K
  class space    used 7002K, committed 7744K, reserved 1048576K
}
Event: 45.085 GC heap before
{Heap before GC invocations=248 (full 4):
 PSYoungGen      total 4096K, used 3872K [0x00000000d5580000, 0x00000000d5a80000, 0x0000000100000000)
  eden space 3584K, 100% used [0x00000000d5580000,0x00000000d5900000,0x00000000d5900000)
  from space 512K, 56% used [0x00000000d5900000,0x00000000d5948000,0x00000000d5980000)
  to   space 512K, 0% used [0x00000000d5a00000,0x00000000d5a00000,0x00000000d5a80000)
 ParOldGen       total 198656K, used 120661K [0x0000000080000000, 0x000000008c200000, 0x00000000d5580000)
  object space 198656K, 60% used [0x0000000080000000,0x00000000875d57e0,0x000000008c200000)
 Metaspace       used 70358K, committed 72064K, reserved 1114112K
  class space    used 7004K, committed 7744K, reserved 1048576K
}
Event: 45.086 GC heap after
{Heap after GC invocations=248 (full 4):
 PSYoungGen      total 4096K, used 320K [0x00000000d5580000, 0x00000000d5a80000, 0x0000000100000000)
  eden space 3584K, 0% used [0x00000000d5580000,0x00000000d5580000,0x00000000d5900000)
  from space 512K, 62% used [0x00000000d5a00000,0x00000000d5a50000,0x00000000d5a80000)
  to   space 512K, 0% used [0x00000000d5900000,0x00000000d5900000,0x00000000d5980000)
 ParOldGen       total 198656K, used 120765K [0x0000000080000000, 0x000000008c200000, 0x00000000d5580000)
  object space 198656K, 60% used [0x0000000080000000,0x00000000875ef7e0,0x000000008c200000)
 Metaspace       used 70358K, committed 72064K, reserved 1114112K
  class space    used 7004K, committed 7744K, reserved 1048576K
}
Event: 45.092 GC heap before
{Heap before GC invocations=249 (full 4):
 PSYoungGen      total 4096K, used 3904K [0x00000000d5580000, 0x00000000d5a80000, 0x0000000100000000)
  eden space 3584K, 100% used [0x00000000d5580000,0x00000000d5900000,0x00000000d5900000)
  from space 512K, 62% used [0x00000000d5a00000,0x00000000d5a50000,0x00000000d5a80000)
  to   space 512K, 0% used [0x00000000d5900000,0x00000000d5900000,0x00000000d5980000)
 ParOldGen       total 198656K, used 120765K [0x0000000080000000, 0x000000008c200000, 0x00000000d5580000)
  object space 198656K, 60% used [0x0000000080000000,0x00000000875ef7e0,0x000000008c200000)
 Metaspace       used 70365K, committed 72064K, reserved 1114112K
  class space    used 7006K, committed 7744K, reserved 1048576K
}
Event: 45.094 GC heap after
{Heap after GC invocations=249 (full 4):
 PSYoungGen      total 4096K, used 320K [0x00000000d5580000, 0x00000000d5a80000, 0x0000000100000000)
  eden space 3584K, 0% used [0x00000000d5580000,0x00000000d5580000,0x00000000d5900000)
  from space 512K, 62% used [0x00000000d5900000,0x00000000d5950000,0x00000000d5980000)
  to   space 512K, 0% used [0x00000000d5a00000,0x00000000d5a00000,0x00000000d5a80000)
 ParOldGen       total 198656K, used 120861K [0x0000000080000000, 0x000000008c200000, 0x00000000d5580000)
  object space 198656K, 60% used [0x0000000080000000,0x00000000876077e0,0x000000008c200000)
 Metaspace       used 70365K, committed 72064K, reserved 1114112K
  class space    used 7006K, committed 7744K, reserved 1048576K
}
Event: 45.099 GC heap before
{Heap before GC invocations=250 (full 4):
 PSYoungGen      total 4096K, used 3904K [0x00000000d5580000, 0x00000000d5a80000, 0x0000000100000000)
  eden space 3584K, 100% used [0x00000000d5580000,0x00000000d5900000,0x00000000d5900000)
  from space 512K, 62% used [0x00000000d5900000,0x00000000d5950000,0x00000000d5980000)
  to   space 512K, 0% used [0x00000000d5a00000,0x00000000d5a00000,0x00000000d5a80000)
 ParOldGen       total 198656K, used 120861K [0x0000000080000000, 0x000000008c200000, 0x00000000d5580000)
  object space 198656K, 60% used [0x0000000080000000,0x00000000876077e0,0x000000008c200000)
 Metaspace       used 70365K, committed 72064K, reserved 1114112K
  class space    used 7006K, committed 7744K, reserved 1048576K
}
Event: 45.100 GC heap after
{Heap after GC invocations=250 (full 4):
 PSYoungGen      total 4096K, used 320K [0x00000000d5580000, 0x00000000d5a80000, 0x0000000100000000)
  eden space 3584K, 0% used [0x00000000d5580000,0x00000000d5580000,0x00000000d5900000)
  from space 512K, 62% used [0x00000000d5a00000,0x00000000d5a50000,0x00000000d5a80000)
  to   space 512K, 0% used [0x00000000d5900000,0x00000000d5900000,0x00000000d5980000)
 ParOldGen       total 198656K, used 121013K [0x0000000080000000, 0x000000008c200000, 0x00000000d5580000)
  object space 198656K, 60% used [0x0000000080000000,0x000000008762d7e0,0x000000008c200000)
 Metaspace       used 70365K, committed 72064K, reserved 1114112K
  class space    used 7006K, committed 7744K, reserved 1048576K
}
Event: 45.105 GC heap before
{Heap before GC invocations=251 (full 4):
 PSYoungGen      total 4096K, used 3904K [0x00000000d5580000, 0x00000000d5a80000, 0x0000000100000000)
  eden space 3584K, 100% used [0x00000000d5580000,0x00000000d5900000,0x00000000d5900000)
  from space 512K, 62% used [0x00000000d5a00000,0x00000000d5a50000,0x00000000d5a80000)
  to   space 512K, 0% used [0x00000000d5900000,0x00000000d5900000,0x00000000d5980000)
 ParOldGen       total 198656K, used 121013K [0x0000000080000000, 0x000000008c200000, 0x00000000d5580000)
  object space 198656K, 60% used [0x0000000080000000,0x000000008762d7e0,0x000000008c200000)
 Metaspace       used 70365K, committed 72064K, reserved 1114112K
  class space    used 7006K, committed 7744K, reserved 1048576K
}
Event: 45.107 GC heap after
{Heap after GC invocations=251 (full 4):
 PSYoungGen      total 4096K, used 365K [0x00000000d5580000, 0x00000000d5a80000, 0x0000000100000000)
  eden space 3584K, 0% used [0x00000000d5580000,0x00000000d5580000,0x00000000d5900000)
  from space 512K, 71% used [0x00000000d5900000,0x00000000d595b4b8,0x00000000d5980000)
  to   space 512K, 0% used [0x00000000d5a00000,0x00000000d5a00000,0x00000000d5a80000)
 ParOldGen       total 198656K, used 121129K [0x0000000080000000, 0x000000008c200000, 0x00000000d5580000)
  object space 198656K, 60% used [0x0000000080000000,0x000000008764a458,0x000000008c200000)
 Metaspace       used 70365K, committed 72064K, reserved 1114112K
  class space    used 7006K, committed 7744K, reserved 1048576K
}
Event: 45.111 GC heap before
{Heap before GC invocations=252 (full 4):
 PSYoungGen      total 4096K, used 3949K [0x00000000d5580000, 0x00000000d5a80000, 0x0000000100000000)
  eden space 3584K, 100% used [0x00000000d5580000,0x00000000d5900000,0x00000000d5900000)
  from space 512K, 71% used [0x00000000d5900000,0x00000000d595b4b8,0x00000000d5980000)
  to   space 512K, 0% used [0x00000000d5a00000,0x00000000d5a00000,0x00000000d5a80000)
 ParOldGen       total 198656K, used 121129K [0x0000000080000000, 0x000000008c200000, 0x00000000d5580000)
  object space 198656K, 60% used [0x0000000080000000,0x000000008764a458,0x000000008c200000)
 Metaspace       used 70365K, committed 72064K, reserved 1114112K
  class space    used 7006K, committed 7744K, reserved 1048576K
}
Event: 45.113 GC heap after
{Heap after GC invocations=252 (full 4):
 PSYoungGen      total 4096K, used 320K [0x00000000d5580000, 0x00000000d5a80000, 0x0000000100000000)
  eden space 3584K, 0% used [0x00000000d5580000,0x00000000d5580000,0x00000000d5900000)
  from space 512K, 62% used [0x00000000d5a00000,0x00000000d5a50000,0x00000000d5a80000)
  to   space 512K, 0% used [0x00000000d5900000,0x00000000d5900000,0x00000000d5980000)
 ParOldGen       total 198656K, used 121301K [0x0000000080000000, 0x000000008c200000, 0x00000000d5580000)
  object space 198656K, 61% used [0x0000000080000000,0x0000000087675748,0x000000008c200000)
 Metaspace       used 70365K, committed 72064K, reserved 1114112K
  class space    used 7006K, committed 7744K, reserved 1048576K
}
Event: 45.117 GC heap before
{Heap before GC invocations=253 (full 4):
 PSYoungGen      total 4096K, used 3904K [0x00000000d5580000, 0x00000000d5a80000, 0x0000000100000000)
  eden space 3584K, 100% used [0x00000000d5580000,0x00000000d5900000,0x00000000d5900000)
  from space 512K, 62% used [0x00000000d5a00000,0x00000000d5a50000,0x00000000d5a80000)
  to   space 512K, 0% used [0x00000000d5900000,0x00000000d5900000,0x00000000d5980000)
 ParOldGen       total 198656K, used 121301K [0x0000000080000000, 0x000000008c200000, 0x00000000d5580000)
  object space 198656K, 61% used [0x0000000080000000,0x0000000087675748,0x000000008c200000)
 Metaspace       used 70365K, committed 72064K, reserved 1114112K
  class space    used 7006K, committed 7744K, reserved 1048576K
}
Event: 45.118 GC heap after
{Heap after GC invocations=253 (full 4):
 PSYoungGen      total 4096K, used 320K [0x00000000d5580000, 0x00000000d5a80000, 0x0000000100000000)
  eden space 3584K, 0% used [0x00000000d5580000,0x00000000d5580000,0x00000000d5900000)
  from space 512K, 62% used [0x00000000d5900000,0x00000000d5950000,0x00000000d5980000)
  to   space 512K, 0% used [0x00000000d5a00000,0x00000000d5a00000,0x00000000d5a80000)
 ParOldGen       total 198656K, used 121413K [0x0000000080000000, 0x000000008c200000, 0x00000000d5580000)
  object space 198656K, 61% used [0x0000000080000000,0x0000000087691748,0x000000008c200000)
 Metaspace       used 70365K, committed 72064K, reserved 1114112K
  class space    used 7006K, committed 7744K, reserved 1048576K
}
Event: 45.123 GC heap before
{Heap before GC invocations=254 (full 4):
 PSYoungGen      total 4096K, used 3904K [0x00000000d5580000, 0x00000000d5a80000, 0x0000000100000000)
  eden space 3584K, 100% used [0x00000000d5580000,0x00000000d5900000,0x00000000d5900000)
  from space 512K, 62% used [0x00000000d5900000,0x00000000d5950000,0x00000000d5980000)
  to   space 512K, 0% used [0x00000000d5a00000,0x00000000d5a00000,0x00000000d5a80000)
 ParOldGen       total 198656K, used 121413K [0x0000000080000000, 0x000000008c200000, 0x00000000d5580000)
  object space 198656K, 61% used [0x0000000080000000,0x0000000087691748,0x000000008c200000)
 Metaspace       used 70366K, committed 72064K, reserved 1114112K
  class space    used 7006K, committed 7744K, reserved 1048576K
}
Event: 45.125 GC heap after
{Heap after GC invocations=254 (full 4):
 PSYoungGen      total 4096K, used 352K [0x00000000d5580000, 0x00000000d5a80000, 0x0000000100000000)
  eden space 3584K, 0% used [0x00000000d5580000,0x00000000d5580000,0x00000000d5900000)
  from space 512K, 68% used [0x00000000d5a00000,0x00000000d5a58000,0x00000000d5a80000)
  to   space 512K, 0% used [0x00000000d5900000,0x00000000d5900000,0x00000000d5980000)
 ParOldGen       total 198656K, used 121533K [0x0000000080000000, 0x000000008c200000, 0x00000000d5580000)
  object space 198656K, 61% used [0x0000000080000000,0x00000000876af748,0x000000008c200000)
 Metaspace       used 70366K, committed 72064K, reserved 1114112K
  class space    used 7006K, committed 7744K, reserved 1048576K
}
Event: 45.128 GC heap before
{Heap before GC invocations=255 (full 4):
 PSYoungGen      total 4096K, used 3936K [0x00000000d5580000, 0x00000000d5a80000, 0x0000000100000000)
  eden space 3584K, 100% used [0x00000000d5580000,0x00000000d5900000,0x00000000d5900000)
  from space 512K, 68% used [0x00000000d5a00000,0x00000000d5a58000,0x00000000d5a80000)
  to   space 512K, 0% used [0x00000000d5900000,0x00000000d5900000,0x00000000d5980000)
 ParOldGen       total 198656K, used 121533K [0x0000000080000000, 0x000000008c200000, 0x00000000d5580000)
  object space 198656K, 61% used [0x0000000080000000,0x00000000876af748,0x000000008c200000)
 Metaspace       used 70366K, committed 72064K, reserved 1114112K
  class space    used 7006K, committed 7744K, reserved 1048576K
}
Event: 45.129 GC heap after
{Heap after GC invocations=255 (full 4):
 PSYoungGen      total 4096K, used 365K [0x00000000d5580000, 0x00000000d5a80000, 0x0000000100000000)
  eden space 3584K, 0% used [0x00000000d5580000,0x00000000d5580000,0x00000000d5900000)
  from space 512K, 71% used [0x00000000d5900000,0x00000000d595b6e8,0x00000000d5980000)
  to   space 512K, 0% used [0x00000000d5a00000,0x00000000d5a00000,0x00000000d5a80000)
 ParOldGen       total 198656K, used 121662K [0x0000000080000000, 0x000000008c200000, 0x00000000d5580000)
  object space 198656K, 61% used [0x0000000080000000,0x00000000876cfbb0,0x000000008c200000)
 Metaspace       used 70366K, committed 72064K, reserved 1114112K
  class space    used 7006K, committed 7744K, reserved 1048576K
}
Event: 47.152 GC heap before
{Heap before GC invocations=256 (full 4):
 PSYoungGen      total 4096K, used 3949K [0x00000000d5580000, 0x00000000d5a80000, 0x0000000100000000)
  eden space 3584K, 100% used [0x00000000d5580000,0x00000000d5900000,0x00000000d5900000)
  from space 512K, 71% used [0x00000000d5900000,0x00000000d595b6e8,0x00000000d5980000)
  to   space 512K, 0% used [0x00000000d5a00000,0x00000000d5a00000,0x00000000d5a80000)
 ParOldGen       total 198656K, used 140548K [0x0000000080000000, 0x000000008c200000, 0x00000000d5580000)
  object space 198656K, 70% used [0x0000000080000000,0x0000000088941258,0x000000008c200000)
 Metaspace       used 70384K, committed 72064K, reserved 1114112K
  class space    used 7007K, committed 7744K, reserved 1048576K
}

